\BOOKMARK [1][-]{section.1}{Task 1 Warmup}{}% 1
\BOOKMARK [2][-]{subsection.1.1}{a WordCount}{section.1}% 2
\BOOKMARK [2][-]{subsection.1.2}{Unique words}{section.1}% 3
\BOOKMARK [2][-]{subsection.1.3}{MoreThan10}{section.1}% 4
\BOOKMARK [2][-]{subsection.1.4}{Stopwords}{section.1}% 5
\BOOKMARK [2][-]{subsection.1.5}{Pig top 10}{section.1}% 6
\BOOKMARK [2][-]{subsection.1.6}{Tags}{section.1}% 7
\BOOKMARK [1][-]{section.2}{Task 2 Discover}{}% 8
\BOOKMARK [2][-]{subsection.2.1}{Counting }{section.2}% 9
\BOOKMARK [2][-]{subsection.2.2}{Unique users }{section.2}% 10
\BOOKMARK [2][-]{subsection.2.3}{Top miners }{section.2}% 11
\BOOKMARK [2][-]{subsection.2.4}{Top questions }{section.2}% 12
\BOOKMARK [2][-]{subsection.2.5}{Favorite questions }{section.2}% 13
\BOOKMARK [2][-]{subsection.2.6}{Average answers}{section.2}% 14
\BOOKMARK [2][-]{subsection.2.7}{Countries }{section.2}% 15
\BOOKMARK [2][-]{subsection.2.8}{Names}{section.2}% 16
\BOOKMARK [2][-]{subsection.2.9}{Answers }{section.2}% 17
\BOOKMARK [1][-]{section.3}{Task 3 Numbers}{}% 18
\BOOKMARK [2][-]{subsection.3.1}{Bigram }{section.3}% 19
\BOOKMARK [2][-]{subsection.3.2}{Trigram }{section.3}% 20
\BOOKMARK [2][-]{subsection.3.3}{Combiner }{section.3}% 21
\BOOKMARK [2][-]{subsection.3.4}{Useless}{section.3}% 22
\BOOKMARK [1][-]{section.4}{Task 4 Search engine}{}% 23
\BOOKMARK [2][-]{subsection.4.1}{Title index}{section.4}% 24
